C51 COMPILER V9.00   MAIN                                                                  01/07/2021 14:50:41 PAGE 1   


C51 COMPILER V9.00, COMPILATION OF MODULE MAIN
OBJECT MODULE PLACED IN main.OBJ
COMPILER INVOKED BY: E:\Keil_vC51\C51\BIN\C51.EXE main.c BROWSE DEBUG OBJECTEXTEND

line level    source

   1          #include<reg52.h> //包含头文件，一般情况不需要改动，头文件包含特殊功能寄存器的定义
   2          #include<stdio.h>                
   3          #include<intrins.h>
   4          #include "delay.h"
   5          #include "1602.h"
   6          #include "mlx90614.h"
   7          
   8          sbit buzzer=P1^0; //引脚定义
   9          sbit key1=P2^0;
  10          sbit key2=P2^1;
  11          sbit key3=P3^2;
  12          
  13          unsigned long time_ms=0xaaaaaaaa;       //      系统定时计数
  14          char dis0[16];                    //液晶数组显示暂存
  15          char dis1[16];
  16          unsigned int setNum = 31; //设置值
  17          //---------------------------------------
  18          //Name: CALTEMP           
  19          //Temperature data is T=(Data)*0.02-273.15
  20          //---------------------------------------
  21          bit rekey=0;
  22          bit flag0 = 0;//主界面显示标志位
  23          bit flag =0;  //测量界面显示标志位
  24          bit flag1 = 0;     //储存界面标志位
  25          bit flag2 = 1;            //是否需要页面减一标志位
  26          bit disFlag =0;//更新显示标志
  27          unsigned int  Tem;         //温度
  28          float objTemp,envTemp;   //物体温度和环境温度
  29          xdata float objtemps[5] = 0;
  30          xdata float envtemps[5] = 0;
  31          xdata unsigned int i = 0;
  32          void Init_Timer0(void);  //函数声明
  33          
  34          void main (void)
  35          {   
  36   1              Init_Timer0();        //定时器0初始化
  37   1                           
  38   1              LCD_Init();           //初始化液晶
  39   1              DelayMs(20);          //延时有助于稳定
  40   1              LCD_Clear();
  41   1              IT0=1;
  42   1              EX0=1;
  43   1      
  44   1              while (1)         //主循环
  45   1              {
  46   2                      if(disFlag==1)     //显示标志
  47   2                      {
  48   3                              if((flag1==0)&&(flag==0)&&(flag0==0))   //当测量界面标志位和储存界面标志位都为0时显示主界面
  49   3                              {
  50   4                                      LCD_Clear();
  51   4                                      if(i>5)
  52   4                                      {i=0;}
  53   4                                      sprintf(dis0," Hello  %2d",i);
  54   4                                      LCD_Write_String(0,0,dis0);
  55   4                                      flag0=1;
C51 COMPILER V9.00   MAIN                                                                  01/07/2021 14:50:41 PAGE 2   

  56   4                              }
  57   3                              if((key1==0)&&(flag1==0))                                //当按下按键1
  58   3                              {
  59   4                                      DelayMs(300);
  60   4                                      LCD_Clear();
  61   4                                      Tem=ReadObjectTemp();    //读取实物温度
  62   4                                      objTemp=(float)(Tem)*0.02-273.15;
  63   4                                      DelayMs(300);
  64   4                                      Tem=ReadEnvironTemp();   //读取环境温度
  65   4                                      envTemp=(float)(Tem)*0.02-273.15;
  66   4      
  67   4                                      sprintf(dis0,"E: %4.1f'C   ",envTemp);//打印温度值
  68   4                                      LCD_Write_String(0,0,dis0);//显示
  69   4                                      sprintf(dis1,"O:%5.1f'C   %3d  ",objTemp,setNum);//打印温度设置值
  70   4                                      LCD_Write_String(0,1,dis1);//显示
  71   4                                      flag=1;                                                   //显示测量界面
  72   4                              }
  73   3                              if(objTemp>setNum)
  74   3                              {buzzer =0;     }       //温度高蜂鸣器鸣叫
  75   3                              else
  76   3                              {buzzer=1;}             //温度低 停止
  77   3                              disFlag = 0;
  78   3                              if((key2==0)&&(flag==1))         //当按下按键2且处于测量界面
  79   3                              {
  80   4                                      if(rekey==0)
  81   4                                      {
  82   5                                              if(key2==0)
  83   5                                              {
  84   6                                                      DelayMs(300);
  85   6                                                      LCD_Clear();
  86   6                                                      objtemps[i]=objTemp;
  87   6                                                      envtemps[i]=envTemp;
  88   6                                                      i=i+1;
  89   6                                                      flag=0; flag0=0;                                 //使标志位返回主界面的状态
  90   6                                                      flag1=0;
  91   6                                                      rekey=1;
  92   6                                                      flag2=0;                                 //页面减一标志位就绪
  93   6                                              }
  94   5                                      }
  95   4                                      
  96   4                              }
  97   3                              else
  98   3                              {
  99   4                                      rekey=0;
 100   4                              }
 101   3                              DelayMs(300);
 102   3                              if((key2==0)&&(flag==0))           //当处于主界面按下按钮2
 103   3                              {
 104   4                                      if(rekey==0)
 105   4                                      {
 106   5                                              if(key2==0)
 107   5                                              {
 108   6                                                      if(flag2==0)             //如果页面减一标志位就绪则使页数减一
 109   6                                                      {i=i-1;}
 110   6                                                      LCD_Clear();
 111   6                                                      DelayMs(600);
 112   6                                                      flag1=1;                         //储存标志位置1，一直显示储存界面
 113   6                                                      if(i>5)
 114   6                                                      {i=0;}
 115   6                                                      sprintf(dis0,"E: %4.1f'C page:%1d",envtemps[i],i);//打印温度值
 116   6                                                      LCD_Write_String(0,0,dis0);//显示
 117   6                                                      sprintf(dis1,"O:%5.1f'C   %3d  ",objtemps[i],setNum);//打印温度设置值
C51 COMPILER V9.00   MAIN                                                                  01/07/2021 14:50:41 PAGE 3   

 118   6                                                      LCD_Write_String(0,1,dis1);//显示
 119   6                                                      i=i+1;
 120   6                                                      rekey=1;
 121   6                                                      flag2=1;                          //使页面减一标志位置2，不再执行减一操作
 122   6                                              }
 123   5                                      }
 124   4                              }
 125   3                              else
 126   3                              {
 127   4                                      rekey=0;
 128   4                              }
 129   3                      }
 130   2                      disFlag=0;                                      
 131   2              }
 132   1      }
 133          
 134          
 135          void Init_Timer0(void)
 136          {
 137   1              TMOD |= 0x01;     //使用模式1，16位定时器，使用"|"符号可以在使用多个定时器时不受影响                 
 138   1              TH0=(65536-7000)/256;             //重新赋值 20ms
 139   1              TL0=(65536-7000)%256;
 140   1              EA=1;            //总中断打开
 141   1              ET0=1;           //定时器中断打开
 142   1              TR0=1;           //定时器开关打开
 143   1      }
 144          
 145          void Timer0_isr(void) interrupt 1 
 146          {
 147   1              TH0=(65536-7000)/256;             //重新赋值 20ms
 148   1              TL0=(65536-7000)%256;   
 149   1              time_ms++;
 150   1              if(time_ms%7==0)          //定时更新显示
 151   1              {disFlag = 1;}
 152   1      }
 153          void Int0_ISR(void) interrupt 0
 154          {
 155   1                      flag = 0;
 156   1                      flag1 = 0;
 157   1                      flag0 = 0;
 158   1      }


MODULE INFORMATION:   STATIC OVERLAYABLE
   CODE SIZE        =    902    ----
   CONSTANT SIZE    =     64    ----
   XDATA SIZE       =     42    ----
   PDATA SIZE       =   ----    ----
   DATA SIZE        =     48    ----
   IDATA SIZE       =   ----    ----
   BIT SIZE         =      6    ----
END OF MODULE INFORMATION.


C51 COMPILATION COMPLETE.  0 WARNING(S),  0 ERROR(S)
